2023-03-13 19:53:14,738 - root - INFO - Chosen word is: baboon
2023-03-13 19:53:16,065 - root - INFO - User input for guess was a
2023-03-13 19:54:42,356 - root - INFO - Chosen word is: aardvark
2023-03-13 19:54:44,168 - root - INFO - User input for guess was a
2023-03-14 19:07:33,775 - root - INFO - Chosen word is: aardvark
2023-03-14 19:08:20,312 - root - INFO - Chosen word is: camel
2023-03-14 19:08:27,461 - root - INFO - User input for guess was x
2023-03-14 19:15:16,452 - root - INFO - Chosen word is: baboon
2023-03-14 19:15:16,452 - root - INFO - chosen word letter list is: ['b', 'a', 'b', 'o', 'o', 'n']
2023-03-14 19:15:24,728 - root - INFO - User input for guess was a
2023-03-14 19:31:50,163 - root - INFO - Chosen word is: baboon
2023-03-14 19:31:50,163 - root - INFO - chosen word letter list is: ['b', 'a', 'b', 'o', 'o', 'n']
2023-03-14 19:31:53,937 - root - INFO - User input for guess was a
2023-03-14 19:34:15,304 - root - INFO - Chosen word is: aardvark
2023-03-14 19:34:15,304 - root - INFO - chosen word letter list is: ['a', 'a', 'r', 'd', 'v', 'a', 'r', 'k']
2023-03-14 19:34:17,852 - root - INFO - User input for guess was a
2023-03-14 19:34:48,107 - root - INFO - Chosen word is: aardvark
2023-03-14 19:34:48,107 - root - INFO - chosen word letter list is: ['a', 'a', 'r', 'd', 'v', 'a', 'r', 'k']
2023-03-14 19:34:49,906 - root - INFO - User input for guess was a
2023-03-14 19:35:31,868 - root - INFO - Chosen word is: aardvark
2023-03-14 19:35:31,868 - root - INFO - chosen word letter list is: ['a', 'a', 'r', 'd', 'v', 'a', 'r', 'k']
2023-03-14 19:35:33,190 - root - INFO - User input for guess was a
2023-03-14 19:36:20,452 - root - INFO - Chosen word is: camel
2023-03-14 19:36:20,452 - root - INFO - chosen word letter list is: ['c', 'a', 'm', 'e', 'l']
2023-03-14 19:36:22,672 - root - INFO - User input for guess was a
2023-03-14 19:49:09,709 - root - INFO - Chosen word is: baboon
2023-03-14 19:49:09,709 - root - INFO - chosen word letter list is: ['b', 'a', 'b', 'o', 'o', 'n']
2023-03-14 19:49:11,364 - root - INFO - User input for guess was a
2023-03-14 19:52:28,059 - root - INFO - Chosen word is: aardvark
2023-03-14 19:52:28,059 - root - INFO - chosen word letter list is: ['a', 'a', 'r', 'd', 'v', 'a', 'r', 'k']
2023-03-14 19:52:29,628 - root - INFO - User input for guess was a
2023-03-14 19:52:45,749 - root - INFO - Chosen word is: camel
2023-03-14 19:52:45,750 - root - INFO - chosen word letter list is: ['c', 'a', 'm', 'e', 'l']
2023-03-14 19:52:49,405 - root - INFO - User input for guess was a
